锘縩ewman

team-notify Notification Service

螕没铆 01_Functional
螕枚枚 GET /health
  GET http://localhost:4010/health [200 OK, 377B, 51ms]
  螕锚脺  Health returns 200
  螕锚脺  Health response has status ok

螕枚枚 POST /events/alert.created
  POST http://localhost:4010/events/alert.created [202 Accepted, 406B, 6ms]
  螕锚脺  Status is 202
  螕锚脺  Response contains eventId and queued

螕枚枚 POST /events/alert.escalated
  POST http://localhost:4010/events/alert.escalated [202 Accepted, 406B, 5ms]
  螕锚脺  Status is 202

螕枚枚 POST /events/alert.resolved
  POST http://localhost:4010/events/alert.resolved [202 Accepted, 406B, 5ms]
  螕锚脺  Status is 202

螕没铆 02_Auth
螕枚枚 POST /events/alert.created (missing token)
  POST http://localhost:4010/events/alert.created [401 Unauthorized, 1.56kB, 9ms]
  螕锚脺  Unauthorized when missing token

螕没铆 03_Negative
螕枚枚 POST /events/alert.created (missing fields)
  POST http://localhost:4010/events/alert.created [422 Unprocessable Entity, 1.53kB, 8ms]
  螕锚脺  Client error on invalid payload

螕没铆 04_Boundary_Reliability
螕枚枚 POST /events/alert.created (too many channels)
  POST http://localhost:4010/events/alert.created [422 Unprocessable Entity, 1.07kB, 9ms]
  螕锚脺  Boundary returns client error or handles warning

螕没铆 05_Consumer_side_Smoke
螕枚枚 Smoke: POST alert.created then check notification (mock flow)
  POST http://localhost:4010/events/alert.created [202 Accepted, 406B, 5ms]
  螕锚脺  Smoke queued

螕没铆 06_Local_only_NonFunctional
螕枚枚 GET /health (local perf)
  GET http://localhost:4010/health [200 OK, 377B, 6ms]

螕枚卯螕枚脟螕枚脟螕枚脟螕枚脟螕枚脟螕枚脟螕枚脟螕枚脟螕枚脟螕枚脟螕枚脟螕枚脟螕枚脟螕枚脟螕枚脟螕枚脟螕枚脟螕枚脟螕枚脟螕枚脟螕枚脟螕枚脟螕枚脟螕枚脟螕枚脟螕枚录螕枚脟螕枚脟螕枚脟螕枚脟螕枚脟螕枚脟螕枚脟螕枚脟螕枚脟螕枚脟螕枚脟螕枚脟螕枚脟螕枚脟螕枚脟螕枚脟螕枚脟螕枚脟螕枚录螕枚脟螕枚脟螕枚脟螕枚脟螕枚脟螕枚脟螕枚脟螕枚脟螕枚脟螕枚脟螕枚脟螕枚脟螕枚脟螕枚脟螕枚脟螕枚脟螕枚脟螕枚脟螕枚脡
螕枚茅                         螕枚茅         executed 螕枚茅           failed 螕枚茅
螕枚拢螕枚脟螕枚脟螕枚脟螕枚脟螕枚脟螕枚脟螕枚脟螕枚脟螕枚脟螕枚脟螕枚脟螕枚脟螕枚脟螕枚脟螕枚脟螕枚脟螕枚脟螕枚脟螕枚脟螕枚脟螕枚脟螕枚脟螕枚脟螕枚脟螕枚脟螕枚鈺澪撁睹囄撁睹囄撁睹囄撁睹囄撁睹囄撁睹囄撁睹囄撁睹囄撁睹囄撁睹囄撁睹囄撁睹囄撁睹囄撁睹囄撁睹囄撁睹囄撁睹囄撁睹囄撁垛暆螕枚脟螕枚脟螕枚脟螕枚脟螕枚脟螕枚脟螕枚脟螕枚脟螕枚脟螕枚脟螕枚脟螕枚脟螕枚脟螕枚脟螕枚脟螕枚脟螕枚脟螕枚脟螕枚帽
螕枚茅              iterations 螕枚茅                1 螕枚茅                0 螕枚茅
螕枚拢螕枚脟螕枚脟螕枚脟螕枚脟螕枚脟螕枚脟螕枚脟螕枚脟螕枚脟螕枚脟螕枚脟螕枚脟螕枚脟螕枚脟螕枚脟螕枚脟螕枚脟螕枚脟螕枚脟螕枚脟螕枚脟螕枚脟螕枚脟螕枚脟螕枚脟螕枚鈺澪撁睹囄撁睹囄撁睹囄撁睹囄撁睹囄撁睹囄撁睹囄撁睹囄撁睹囄撁睹囄撁睹囄撁睹囄撁睹囄撁睹囄撁睹囄撁睹囄撁睹囄撁睹囄撁垛暆螕枚脟螕枚脟螕枚脟螕枚脟螕枚脟螕枚脟螕枚脟螕枚脟螕枚脟螕枚脟螕枚脟螕枚脟螕枚脟螕枚脟螕枚脟螕枚脟螕枚脟螕枚脟螕枚帽
螕枚茅                requests 螕枚茅                9 螕枚茅                0 螕枚茅
螕枚拢螕枚脟螕枚脟螕枚脟螕枚脟螕枚脟螕枚脟螕枚脟螕枚脟螕枚脟螕枚脟螕枚脟螕枚脟螕枚脟螕枚脟螕枚脟螕枚脟螕枚脟螕枚脟螕枚脟螕枚脟螕枚脟螕枚脟螕枚脟螕枚脟螕枚脟螕枚鈺澪撁睹囄撁睹囄撁睹囄撁睹囄撁睹囄撁睹囄撁睹囄撁睹囄撁睹囄撁睹囄撁睹囄撁睹囄撁睹囄撁睹囄撁睹囄撁睹囄撁睹囄撁睹囄撁垛暆螕枚脟螕枚脟螕枚脟螕枚脟螕枚脟螕枚脟螕枚脟螕枚脟螕枚脟螕枚脟螕枚脟螕枚脟螕枚脟螕枚脟螕枚脟螕枚脟螕枚脟螕枚脟螕枚帽
螕枚茅            test-scripts 螕枚茅                9 螕枚茅                0 螕枚茅
螕枚拢螕枚脟螕枚脟螕枚脟螕枚脟螕枚脟螕枚脟螕枚脟螕枚脟螕枚脟螕枚脟螕枚脟螕枚脟螕枚脟螕枚脟螕枚脟螕枚脟螕枚脟螕枚脟螕枚脟螕枚脟螕枚脟螕枚脟螕枚脟螕枚脟螕枚脟螕枚鈺澪撁睹囄撁睹囄撁睹囄撁睹囄撁睹囄撁睹囄撁睹囄撁睹囄撁睹囄撁睹囄撁睹囄撁睹囄撁睹囄撁睹囄撁睹囄撁睹囄撁睹囄撁睹囄撁垛暆螕枚脟螕枚脟螕枚脟螕枚脟螕枚脟螕枚脟螕枚脟螕枚脟螕枚脟螕枚脟螕枚脟螕枚脟螕枚脟螕枚脟螕枚脟螕枚脟螕枚脟螕枚脟螕枚帽
螕枚茅      prerequest-scripts 螕枚茅                0 螕枚茅                0 螕枚茅
螕枚拢螕枚脟螕枚脟螕枚脟螕枚脟螕枚脟螕枚脟螕枚脟螕枚脟螕枚脟螕枚脟螕枚脟螕枚脟螕枚脟螕枚脟螕枚脟螕枚脟螕枚脟螕枚脟螕枚脟螕枚脟螕枚脟螕枚脟螕枚脟螕枚脟螕枚脟螕枚鈺澪撁睹囄撁睹囄撁睹囄撁睹囄撁睹囄撁睹囄撁睹囄撁睹囄撁睹囄撁睹囄撁睹囄撁睹囄撁睹囄撁睹囄撁睹囄撁睹囄撁睹囄撁睹囄撁垛暆螕枚脟螕枚脟螕枚脟螕枚脟螕枚脟螕枚脟螕枚脟螕枚脟螕枚脟螕枚脟螕枚脟螕枚脟螕枚脟螕枚脟螕枚脟螕枚脟螕枚脟螕枚脟螕枚帽
螕枚茅              assertions 螕枚茅               10 螕枚茅                0 螕枚茅
螕枚拢螕枚脟螕枚脟螕枚脟螕枚脟螕枚脟螕枚脟螕枚脟螕枚脟螕枚脟螕枚脟螕枚脟螕枚脟螕枚脟螕枚脟螕枚脟螕枚脟螕枚脟螕枚脟螕枚脟螕枚脟螕枚脟螕枚脟螕枚脟螕枚脟螕枚脟螕枚鈹の撁睹囄撁睹囄撁睹囄撁睹囄撁睹囄撁睹囄撁睹囄撁睹囄撁睹囄撁睹囄撁睹囄撁睹囄撁睹囄撁睹囄撁睹囄撁睹囄撁睹囄撁睹囄撁垛敜螕枚脟螕枚脟螕枚脟螕枚脟螕枚脟螕枚脟螕枚脟螕枚脟螕枚脟螕枚脟螕枚脟螕枚脟螕枚脟螕枚脟螕枚脟螕枚脟螕枚脟螕枚脟螕枚帽
螕枚茅 total run duration: 847ms                                     螕枚茅
螕枚拢螕枚脟螕枚脟螕枚脟螕枚脟螕枚脟螕枚脟螕枚脟螕枚脟螕枚脟螕枚脟螕枚脟螕枚脟螕枚脟螕枚脟螕枚脟螕枚脟螕枚脟螕枚脟螕枚脟螕枚脟螕枚脟螕枚脟螕枚脟螕枚脟螕枚脟螕枚脟螕枚脟螕枚脟螕枚脟螕枚脟螕枚脟螕枚脟螕枚脟螕枚脟螕枚脟螕枚脟螕枚脟螕枚脟螕枚脟螕枚脟螕枚脟螕枚脟螕枚脟螕枚脟螕枚脟螕枚脟螕枚脟螕枚脟螕枚脟螕枚脟螕枚脟螕枚脟螕枚脟螕枚脟螕枚脟螕枚脟螕枚脟螕枚脟螕枚脟螕枚脟螕枚脟螕枚脟螕枚脟螕枚帽
螕枚茅 total data received: 1.28kB (approx)                          螕枚茅
螕枚拢螕枚脟螕枚脟螕枚脟螕枚脟螕枚脟螕枚脟螕枚脟螕枚脟螕枚脟螕枚脟螕枚脟螕枚脟螕枚脟螕枚脟螕枚脟螕枚脟螕枚脟螕枚脟螕枚脟螕枚脟螕枚脟螕枚脟螕枚脟螕枚脟螕枚脟螕枚脟螕枚脟螕枚脟螕枚脟螕枚脟螕枚脟螕枚脟螕枚脟螕枚脟螕枚脟螕枚脟螕枚脟螕枚脟螕枚脟螕枚脟螕枚脟螕枚脟螕枚脟螕枚脟螕枚脟螕枚脟螕枚脟螕枚脟螕枚脟螕枚脟螕枚脟螕枚脟螕枚脟螕枚脟螕枚脟螕枚脟螕枚脟螕枚脟螕枚脟螕枚脟螕枚脟螕枚脟螕枚脟螕枚帽
螕枚茅 average response time: 11ms [min: 5ms, max: 51ms, s.d.: 14ms] 螕枚茅
螕枚枚螕枚脟螕枚脟螕枚脟螕枚脟螕枚脟螕枚脟螕枚脟螕枚脟螕枚脟螕枚脟螕枚脟螕枚脟螕枚脟螕枚脟螕枚脟螕枚脟螕枚脟螕枚脟螕枚脟螕枚脟螕枚脟螕枚脟螕枚脟螕枚脟螕枚脟螕枚脟螕枚脟螕枚脟螕枚脟螕枚脟螕枚脟螕枚脟螕枚脟螕枚脟螕枚脟螕枚脟螕枚脟螕枚脟螕枚脟螕枚脟螕枚脟螕枚脟螕枚脟螕枚脟螕枚脟螕枚脟螕枚脟螕枚脟螕枚脟螕枚脟螕枚脟螕枚脟螕枚脟螕枚脟螕枚脟螕枚脟螕枚脟螕枚脟螕枚脟螕枚脟螕枚脟螕枚脟螕枚脟螕枚每
